<?xml version="1.0" encoding="UTF-8"?>
<!-- Generated by org.testng.reporters.JUnitReportReporter -->
<testsuite skipped="0" hostname="DESKTOP-OVVJR1P" name="TestCases.TC003" tests="1" failures="0" timestamp="22 Sep 2020 00:01:49 GMT" time="16.757" errors="0">
  <testcase name="testTC003" time="16.757" classname="TestCases.TC003"/>
</testsuite> <!-- TestCases.TC003 -->
