<?xml version="1.0" encoding="UTF-8"?>
<!-- Generated by org.testng.reporters.JUnitReportReporter -->
<testsuite skipped="0" hostname="DESKTOP-OVVJR1P" name="TestCases.TC001" tests="1" failures="0" timestamp="22 Sep 2020 00:15:30 GMT" time="8.998" errors="0">
  <testcase name="testTC001" time="8.998" classname="TestCases.TC001"/>
</testsuite> <!-- TestCases.TC001 -->
