<?xml version="1.0" encoding="UTF-8"?>
<!-- Generated by org.testng.reporters.JUnitReportReporter -->
<testsuite skipped="0" hostname="DESKTOP-OVVJR1P" name="TestCases.TC004" tests="1" failures="0" timestamp="22 Sep 2020 00:05:08 GMT" time="11.991" errors="0">
  <testcase name="testTC004" time="11.991" classname="TestCases.TC004"/>
</testsuite> <!-- TestCases.TC004 -->
