<?xml version="1.0" encoding="UTF-8"?>
<!-- Generated by org.testng.reporters.JUnitReportReporter -->
<testsuite skipped="0" hostname="DESKTOP-OVVJR1P" name="TestCases.TC002" tests="4" failures="0" timestamp="14 Sep 2020 01:04:33 GMT" time="0.869" errors="0">
  <testcase name="sampleTest" time="0.001" classname="TestCases.TC002"/>
  <testcase name="TestUserNameExcel" time="0.867" classname="TestCases.TC002"/>
  <testcase name="sampleTest" time="0.000" classname="TestCases.TC002"/>
  <testcase name="sampleTest" time="0.001" classname="TestCases.TC002"/>
</testsuite> <!-- TestCases.TC002 -->
